Starting Guinness DFS Search on 68 cores...
================================================================================
Branch and Bound DFS Search on AoN Graph
================================================================================
Loading AoN graph...
  ✓ Loaded 37,262 nodes, 1,533,339 edges
Loading transportation graph for country mapping...
  ✓ Loaded 899 stations

Building country mappings...
  ✓ Mapped 37,262 AoN nodes to countries

Computing Minimum Travel Time (MTT)...
  ✓ Computed MTT for 46 countries

Identifying starting nodes...
  ✓ Found 16,465 valid starting nodes

Preparing graph for multiprocessing...
  ✓ Graph converted to dictionary format

================================================================================
Starting multiprocessed DFS search from 16,465 starting nodes
================================================================================

Using 66 worker processes (SLURM allocated: 68 CPUs)


================================================================================
🎉 NEW GLOBAL MAXIMUM: 13 COUNTRIES!
================================================================================
Route details:
  Step 1: SVO → AER (Russian Federation) | Dep: 08:05 | Arr: 12:05 | Elapsed: +00:00
  Step 2: AER → IST (Türkiye) | Dep: 14:00 | Arr: 16:15 | Elapsed: +04:10
  Step 3: IST → SOF (Bulgaria) | Dep: 17:30 | Arr: 18:50 | Elapsed: +06:45
  Step 4: SOF → LHR (England) | Dep: 19:00 | Arr: 22:30 | Elapsed: +10:25
  Step 5: LHR → BRU (Belgium) | Dep: 22:45 | Arr: 23:50 | Elapsed: +11:45
  Step 6: BRU → CGN (Germany) | Dep: 24:30 | Arr: 25:17 | Elapsed: +13:12
  Step 7: CGN → CDG (France) | Dep: 25:20 | Arr: 26:00 | Elapsed: +13:55
  Step 8: CDG → MXP (Italy) | Dep: 26:52 | Arr: 28:15 | Elapsed: +16:10
  Step 9: MXP → BUD (Hungary) | Dep: 29:10 | Arr: 30:50 | Elapsed: +18:45
  Step 10: BUD → VIE (Austria) | Dep: 30:50 | Arr: 31:40 | Elapsed: +19:35
  Step 11: Wien Hbf → Wien Hbf (Austria) | Dep: 32:03 | Arr: 32:10 | Elapsed: +20:05
  Step 12: VIE → PRG (Czechia) | Dep: 32:30 | Arr: 33:25 | Elapsed: +21:20
  Step 13: PRG → CPH (Denmark) | Dep: 33:25 | Arr: 34:45 | Elapsed: +22:40
  Step 14: CPH → ARN (Sweden) | Dep: 34:45 | Arr: 36:00 | Elapsed: +23:55

  Visited Countries (13): Russian Federation → Türkiye → Bulgaria → England → Belgium → Germany → France → Italy → Hungary → Austria → Czechia → Denmark → Sweden
================================================================================


================================================================================
🎉 NEW GLOBAL MAXIMUM: 14 COUNTRIES!
================================================================================
Route details:
  Step 1: SVO → AER (Russian Federation) | Dep: 08:05 | Arr: 12:05 | Elapsed: +00:00
  Step 2: AER → IST (Türkiye) | Dep: 14:00 | Arr: 16:15 | Elapsed: +04:10
  Step 3: IST → BEG (Serbia) | Dep: 16:40 | Arr: 18:25 | Elapsed: +06:20
  Step 4: BEG → ZAG (Croatia) | Dep: 18:45 | Arr: 19:50 | Elapsed: +07:45
  Step 5: ZAG → MXP (Italy) | Dep: 19:55 | Arr: 20:45 | Elapsed: +08:40
  Step 6: MXP → BRU (Belgium) | Dep: 20:55 | Arr: 22:25 | Elapsed: +10:20
  Step 7: Mechelen → Bruxelles Midi (Belgium) | Dep: 22:47 | Arr: 23:15 | Elapsed: +11:10
  Step 8: BRU → CGN (Germany) | Dep: 24:30 | Arr: 25:17 | Elapsed: +13:12
  Step 9: CGN → CDG (France) | Dep: 25:20 | Arr: 26:00 | Elapsed: +13:55
  Step 10: CDG → HEL (Finland) | Dep: 26:30 | Arr: 29:28 | Elapsed: +17:23
  Step 11: HEL → ARN (Sweden) | Dep: 29:35 | Arr: 30:45 | Elapsed: +18:40
  Step 12: ARN → OSL (Norway) | Dep: 31:00 | Arr: 32:00 | Elapsed: +19:55
  Step 13: OSL → CPH (Denmark) | Dep: 32:00 | Arr: 33:15 | Elapsed: +21:10
  Step 14: CPH → WAW (Poland) | Dep: 33:25 | Arr: 34:45 | Elapsed: +22:40
  Step 15: WAW → VNO (Lithuania) | Dep: 34:55 | Arr: 36:00 | Elapsed: +23:55

  Visited Countries (14): Russian Federation → Türkiye → Serbia → Croatia → Italy → Belgium → Germany → France → Finland → Sweden → Norway → Denmark → Poland → Lithuania
================================================================================


================================================================================
🎉 NEW GLOBAL MAXIMUM: 15 COUNTRIES!
================================================================================
Route details:
  Step 1: SVO → AER (Russian Federation) | Dep: 10:10 | Arr: 13:55 | Elapsed: +00:00
  Step 2: AER → IST (Türkiye) | Dep: 14:00 | Arr: 16:15 | Elapsed: +02:20
  Step 3: IST → BEG (Serbia) | Dep: 16:40 | Arr: 18:25 | Elapsed: +04:30
  Step 4: BEG → ZAG (Croatia) | Dep: 18:45 | Arr: 19:50 | Elapsed: +05:55
  Step 5: ZAG → MXP (Italy) | Dep: 19:55 | Arr: 20:45 | Elapsed: +06:50
  Step 6: MXP → BRU (Belgium) | Dep: 20:55 | Arr: 22:25 | Elapsed: +08:30
  Step 7: Mechelen → Bruxelles Midi (Belgium) | Dep: 22:47 | Arr: 23:15 | Elapsed: +09:20
  Step 8: BRU → CGN (Germany) | Dep: 24:30 | Arr: 25:17 | Elapsed: +11:22
  Step 9: CGN → CDG (France) | Dep: 25:20 | Arr: 26:00 | Elapsed: +12:05
  Step 10: CDG → STN (England) | Dep: 26:46 | Arr: 27:46 | Elapsed: +13:51
  Step 11: STN → DUB (Ireland) | Dep: 28:55 | Arr: 30:01 | Elapsed: +16:06
  Step 12: DUB → AMS (Netherlands) | Dep: 30:15 | Arr: 31:55 | Elapsed: +18:00
  Step 13: AMS → LUX (Luxembourg) | Dep: 32:30 | Arr: 33:25 | Elapsed: +19:30
  Step 14: LUX → ZRH (Switzerland) | Dep: 33:25 | Arr: 34:30 | Elapsed: +20:35
  Step 15: ZRH → CPH (Denmark) | Dep: 35:15 | Arr: 37:05 | Elapsed: +23:10
  Step 16: Taarnby st → Malmö Hyllie station (Sweden) | Dep: 37:10 | Arr: 37:27 | Elapsed: +23:32
  Step 17: Malmö Hyllie station → Malmö Central (Sweden) | Dep: 37:33 | Arr: 37:40 | Elapsed: +23:45

  Visited Countries (15): Russian Federation → Türkiye → Serbia → Croatia → Italy → Belgium → Germany → France → England → Ireland → Netherlands → Luxembourg → Switzerland → Denmark → Sweden
================================================================================

